<?xml version="1.0" encoding="UTF-8"?>
<!-- Generated by org.testng.reporters.JUnitReportReporter -->
<testsuite name="Meschinowellness_M1MyWellnessReport_updated" tests="3" time="594.163" ignored="0" failures="0" timestamp="09 Feb 2017 16:37:50 GMT" skipped="0" hostname="Adeeva-temp" errors="0">
  <testcase name="MyHealthIssues" time="447.485" classname="Meschinowellness_M1MyWellnessReport_updated"/>
  <testcase name="login" time="19.721" classname="Meschinowellness_M1MyWellnessReport_updated"/>
  <testcase name="MyHealthRiskConsiderations" time="126.957" classname="Meschinowellness_M1MyWellnessReport_updated"/>
</testsuite> <!-- Meschinowellness_M1MyWellnessReport_updated -->
