<?xml version="1.0" encoding="UTF-8"?>
<!-- Generated by org.testng.reporters.JUnitReportReporter -->
<testsuite name="Meschinowellness_F1HRA" tests="2" time="145.569" ignored="0" failures="0" timestamp="12 Jan 2017 15:21:38 GMT" skipped="0" hostname="Adeeva-temp" errors="0">
  <testcase name="MyHraTab" time="124.955" classname="Meschinowellness_F1HRA"/>
  <testcase name="login" time="20.614" classname="Meschinowellness_F1HRA"/>
</testsuite> <!-- Meschinowellness_F1HRA -->
