<?xml version="1.0" encoding="UTF-8"?>
<!-- Generated by org.testng.reporters.JUnitReportReporter -->
<testsuite name="Meschinowellness_demo" tests="1" time="51.263" ignored="0" failures="0" timestamp="21 Dec 2016 18:14:05 GMT" skipped="0" hostname="Adeeva-temp" errors="0">
  <testcase name="login" time="51.263" classname="Meschinowellness_demo"/>
</testsuite> <!-- Meschinowellness_demo -->
