<?xml version="1.0" encoding="UTF-8"?>
<!-- Generated by org.testng.reporters.JUnitReportReporter -->
<testsuite name="Meschinowellness_F3MyWellnessReport_updated" tests="3" time="837.124" ignored="0" failures="0" timestamp="17 Jan 2017 15:38:24 GMT" skipped="0" hostname="Adeeva-temp" errors="0">
  <testcase name="MyHealthIssues" time="693.547" classname="Meschinowellness_F3MyWellnessReport_updated"/>
  <testcase name="login" time="20.764" classname="Meschinowellness_F3MyWellnessReport_updated"/>
  <testcase name="MyHealthRiskConsiderations" time="122.813" classname="Meschinowellness_F3MyWellnessReport_updated"/>
</testsuite> <!-- Meschinowellness_F3MyWellnessReport_updated -->
