<?xml version="1.0" encoding="UTF-8"?>
<!-- Generated by org.testng.reporters.JUnitReportReporter -->
<testsuite name="Meschinowellness_M1HRA" tests="2" time="120.542" ignored="0" failures="0" timestamp="09 Feb 2017 14:56:13 GMT" skipped="0" hostname="Adeeva-temp" errors="0">
  <testcase name="login" time="21.542" classname="Meschinowellness_M1HRA"/>
  <testcase name="MyHraTab" time="99.000" classname="Meschinowellness_M1HRA"/>
</testsuite> <!-- Meschinowellness_M1HRA -->
