<?xml version="1.0" encoding="UTF-8"?>
<!-- Generated by org.testng.reporters.JUnitReportReporter -->
<testsuite name="Meschinowellness_F2CreateMyWellnessPlan" tests="2" time="491.376" ignored="0" failures="0" timestamp="01 Feb 2017 19:22:34 GMT" skipped="0" hostname="Adeeva-temp" errors="0">
  <testcase name="MyWellnessPlan" time="475.821" classname="Meschinowellness_F2CreateMyWellnessPlan"/>
  <testcase name="login" time="15.555" classname="Meschinowellness_F2CreateMyWellnessPlan"/>
</testsuite> <!-- Meschinowellness_F2CreateMyWellnessPlan -->
