<?xml version="1.0" encoding="UTF-8"?>
<!-- Generated by org.testng.reporters.JUnitReportReporter -->
<testsuite name="Meschinowellness_F1MyWellnessReport" tests="3" time="746.374" ignored="0" failures="0" timestamp="13 Jan 2017 19:36:46 GMT" skipped="0" hostname="Adeeva-temp" errors="0">
  <testcase name="MyHealthIssues" time="412.039" classname="Meschinowellness_F1MyWellnessReport"/>
  <testcase name="MyHealthRiskConsiderations" time="310.584" classname="Meschinowellness_F1MyWellnessReport"/>
  <testcase name="login" time="23.751" classname="Meschinowellness_F1MyWellnessReport"/>
</testsuite> <!-- Meschinowellness_F1MyWellnessReport -->
