<?xml version="1.0" encoding="UTF-8"?>
<!-- Generated by org.testng.reporters.JUnitReportReporter -->
<testsuite name="Meschinowellness_M4MyWellnessReport_updated" tests="3" time="549.734" ignored="0" failures="0" timestamp="23 Jan 2017 18:04:30 GMT" skipped="0" hostname="Adeeva-temp" errors="0">
  <testcase name="login" time="21.925" classname="Meschinowellness_M4MyWellnessReport_updated"/>
  <testcase name="MyHealthRiskConsiderations" time="123.995" classname="Meschinowellness_M4MyWellnessReport_updated"/>
  <testcase name="MyHealthIssues" time="403.814" classname="Meschinowellness_M4MyWellnessReport_updated"/>
</testsuite> <!-- Meschinowellness_M4MyWellnessReport_updated -->
