<?xml version="1.0" encoding="UTF-8"?>
<!-- Generated by org.testng.reporters.JUnitReportReporter -->
<testsuite name="Meschinowellness_M4HRA" tests="2" time="128.212" ignored="0" failures="0" timestamp="23 Jan 2017 17:26:04 GMT" skipped="0" hostname="Adeeva-temp" errors="0">
  <testcase name="MyHraTab" time="106.873" classname="Meschinowellness_M4HRA"/>
  <testcase name="login" time="21.339" classname="Meschinowellness_M4HRA"/>
</testsuite> <!-- Meschinowellness_M4HRA -->
