<?xml version="1.0" encoding="UTF-8"?>
<!-- Generated by org.testng.reporters.JUnitReportReporter -->
<testsuite name="Meschinowellness_M3HRA" tests="1" time="143.403" ignored="0" failures="0" timestamp="20 Jan 2017 20:09:50 GMT" skipped="0" hostname="Adeeva-temp" errors="0">
  <testcase name="login" time="143.403" classname="Meschinowellness_M3HRA"/>
</testsuite> <!-- Meschinowellness_M3HRA -->
