<?xml version="1.0" encoding="UTF-8"?>
<!-- Generated by org.testng.reporters.JUnitReportReporter -->
<testsuite name="meschino_sample" tests="1" time="36.353" ignored="0" failures="0" timestamp="21 Dec 2016 15:09:44 GMT" skipped="0" hostname="Adeeva-temp" errors="0">
  <testcase name="login" time="36.353" classname="meschino_sample"/>
</testsuite> <!-- meschino_sample -->
