<?xml version="1.0" encoding="UTF-8"?>
<!-- Generated by org.testng.reporters.JUnitReportReporter -->
<testsuite name="Meschinowellness_M1CreateMyWellnessPlan" tests="2" time="578.869" ignored="0" failures="0" timestamp="09 Feb 2017 18:26:34 GMT" skipped="0" hostname="Adeeva-temp" errors="0">
  <testcase name="login" time="80.584" classname="Meschinowellness_M1CreateMyWellnessPlan"/>
  <testcase name="MyWellnessPlan" time="498.285" classname="Meschinowellness_M1CreateMyWellnessPlan"/>
</testsuite> <!-- Meschinowellness_M1CreateMyWellnessPlan -->
