<?xml version="1.0" encoding="UTF-8"?>
<!-- Generated by org.testng.reporters.JUnitReportReporter -->
<testsuite name="Meschinowellness_M2HRA" tests="2" time="196.540" ignored="0" failures="0" timestamp="08 Feb 2017 19:07:36 GMT" skipped="0" hostname="Adeeva-temp" errors="0">
  <testcase name="login" time="80.811" classname="Meschinowellness_M2HRA"/>
  <testcase name="MyHraTab" time="115.729" classname="Meschinowellness_M2HRA"/>
</testsuite> <!-- Meschinowellness_M2HRA -->
