<?xml version="1.0" encoding="UTF-8"?>
<!-- Generated by org.testng.reporters.JUnitReportReporter -->
<testsuite name="Meschinowellness_M3MyWellnessReport_updated" tests="3" time="888.100" ignored="0" failures="0" timestamp="31 Jan 2017 16:44:58 GMT" skipped="0" hostname="Adeeva-temp" errors="0">
  <testcase name="login" time="22.629" classname="Meschinowellness_M3MyWellnessReport_updated"/>
  <testcase name="MyHealthIssues" time="679.524" classname="Meschinowellness_M3MyWellnessReport_updated"/>
  <testcase name="MyHealthRiskConsiderations" time="185.947" classname="Meschinowellness_M3MyWellnessReport_updated"/>
</testsuite> <!-- Meschinowellness_M3MyWellnessReport_updated -->
