<?xml version="1.0" encoding="UTF-8"?>
<!-- Generated by org.testng.reporters.JUnitReportReporter -->
<testsuite name="Meschinowellness_F2MyWellnessReport_updated" tests="3" time="866.781" ignored="0" failures="0" timestamp="01 Feb 2017 19:13:49 GMT" skipped="0" hostname="Adeeva-temp" errors="0">
  <testcase name="MyHealthIssues" time="723.734" classname="Meschinowellness_F2MyWellnessReport_updated"/>
  <testcase name="login" time="19.577" classname="Meschinowellness_F2MyWellnessReport_updated"/>
  <testcase name="MyHealthRiskConsiderations" time="123.470" classname="Meschinowellness_F2MyWellnessReport_updated"/>
</testsuite> <!-- Meschinowellness_F2MyWellnessReport_updated -->
