<?xml version="1.0" encoding="UTF-8"?>
<!-- Generated by org.testng.reporters.JUnitReportReporter -->
<testsuite skipped="0" hostname="Sky-PC" name="Meschinowellness_M2MyWellnessReport_updated" tests="3" failures="0" timestamp="04 Apr 2017 16:18:25 GMT" time="583.006" errors="0">
  <testcase name="login" time="29.145" classname="Meschinowellness_M2MyWellnessReport_updated"/>
  <testcase name="MyHealthRiskConsiderations" time="93.814" classname="Meschinowellness_M2MyWellnessReport_updated"/>
  <testcase name="MyHealthIssues" time="460.047" classname="Meschinowellness_M2MyWellnessReport_updated"/>
</testsuite> <!-- Meschinowellness_M2MyWellnessReport_updated -->
