<?xml version="1.0" encoding="UTF-8"?>
<!-- Generated by org.testng.reporters.JUnitReportReporter -->
<testsuite skipped="0" hostname="Sky-PC" name="Meschinowellness_F3MyWellnessReport_updated" tests="3" failures="0" timestamp="04 Apr 2017 18:21:02 GMT" time="499.392" errors="0">
  <testcase name="login" time="21.226" classname="Meschinowellness_F3MyWellnessReport_updated"/>
  <testcase name="MyHealthRiskConsiderations" time="78.539" classname="Meschinowellness_F3MyWellnessReport_updated"/>
  <testcase name="MyHealthIssues" time="399.627" classname="Meschinowellness_F3MyWellnessReport_updated"/>
</testsuite> <!-- Meschinowellness_F3MyWellnessReport_updated -->
