<?xml version="1.0" encoding="UTF-8"?>
<!-- Generated by org.testng.reporters.JUnitReportReporter -->
<testsuite skipped="0" hostname="Sky-PC" name="Meschinowellness_DAFoodTrackerQuickTool" tests="2" failures="0" timestamp="10 Apr 2017 15:46:08 GMT" time="70.225" errors="0">
  <testcase name="login" time="39.048" classname="Meschinowellness_DAFoodTrackerQuickTool"/>
  <testcase name="DietActivityFoodPlan" time="31.177" classname="Meschinowellness_DAFoodTrackerQuickTool"/>
</testsuite> <!-- Meschinowellness_DAFoodTrackerQuickTool -->
