<?xml version="1.0" encoding="UTF-8"?>
<!-- Generated by org.testng.reporters.JUnitReportReporter -->
<testsuite skipped="0" hostname="Sky-PC" name="Meschinowellness_DAFoodTracker_DDT" tests="3" failures="0" timestamp="02 Apr 2017 15:38:24 GMT" time="190.490" errors="0">
  <testcase name="MeschinoWellness" time="66.695" classname="Meschinowellness_DAFoodTracker_DDT"/>
  <testcase name="MeschinoWellness" time="34.075" classname="Meschinowellness_DAFoodTracker_DDT"/>
  <testcase name="MeschinoWellness" time="89.720" classname="Meschinowellness_DAFoodTracker_DDT"/>
</testsuite> <!-- Meschinowellness_DAFoodTracker_DDT -->
