<?xml version="1.0" encoding="UTF-8"?>
<!-- Generated by org.testng.reporters.JUnitReportReporter -->
<testsuite skipped="0" hostname="Sky-PC" name="Meschinowellness_F2MyWellnessReport_updated" tests="3" failures="0" timestamp="04 Apr 2017 18:11:54 GMT" time="449.840" errors="0">
  <testcase name="login" time="23.685" classname="Meschinowellness_F2MyWellnessReport_updated"/>
  <testcase name="MyHealthRiskConsiderations" time="80.069" classname="Meschinowellness_F2MyWellnessReport_updated"/>
  <testcase name="MyHealthIssues" time="346.086" classname="Meschinowellness_F2MyWellnessReport_updated"/>
</testsuite> <!-- Meschinowellness_F2MyWellnessReport_updated -->
