<?xml version="1.0" encoding="UTF-8"?>
<!-- Generated by org.testng.reporters.JUnitReportReporter -->
<testsuite skipped="0" hostname="Sky-PC" name="Meschinowellness_DAFoodTracker_QuickTool_DDT" tests="3" failures="0" timestamp="12 Apr 2017 17:13:46 GMT" time="296.027" errors="0">
  <testcase name="MeschinoWellness" time="109.408" classname="Meschinowellness_DAFoodTracker_QuickTool_DDT"/>
  <testcase name="MeschinoWellness" time="124.075" classname="Meschinowellness_DAFoodTracker_QuickTool_DDT"/>
  <testcase name="MeschinoWellness" time="62.544" classname="Meschinowellness_DAFoodTracker_QuickTool_DDT"/>
</testsuite> <!-- Meschinowellness_DAFoodTracker_QuickTool_DDT -->
