<?xml version="1.0" encoding="UTF-8"?>
<!-- Generated by org.testng.reporters.JUnitReportReporter -->
<testsuite skipped="0" hostname="Sky-PC" name="Meschinowellness_DAFoodTracker" tests="3" failures="0" timestamp="02 Apr 2017 14:36:44 GMT" time="119.358" errors="0">
  <testcase name="login" time="17.472" classname="Meschinowellness_DAFoodTracker"/>
  <testcase name="DietActivityFoodPlan" time="86.359" classname="Meschinowellness_DAFoodTracker"/>
  <testcase name="DietActivityFoodRemoveItem" time="15.527" classname="Meschinowellness_DAFoodTracker"/>
</testsuite> <!-- Meschinowellness_DAFoodTracker -->
